2025-04-20T10:26:58.859+08:00  INFO 7362 --- [onedrive-mcp-server] [main] .a.m.o.OnedriveMcpServerApplicationTests : Starting OnedriveMcpServerApplicationTests using Java 21.0.6 with PID 7362 (started by karthik in /home/karthik/projects/github/onedrive-mcp-server/onedrive-mcp-server)
2025-04-20T10:26:58.862+08:00  INFO 7362 --- [onedrive-mcp-server] [main] .a.m.o.OnedriveMcpServerApplicationTests : No active profile set, falling back to 1 default profile: "default"
2025-04-20T10:26:59.373+08:00  WARN 7362 --- [onedrive-mcp-server] [main] o.s.w.c.s.GenericWebApplicationContext   : Exception encountered during context initialization - cancelling refresh attempt: org.springframework.beans.factory.BeanCreationException: Error creating bean with name 'onedriveService': Injection of autowired dependencies failed
2025-04-20T10:26:59.390+08:00  INFO 7362 --- [onedrive-mcp-server] [main] .s.b.a.l.ConditionEvaluationReportLogger : 

Error starting ApplicationContext. To display the condition evaluation report re-run your application with 'debug' enabled.
2025-04-20T10:26:59.406+08:00 ERROR 7362 --- [onedrive-mcp-server] [main] o.s.boot.SpringApplication               : Application run failed

org.springframework.beans.factory.BeanCreationException: Error creating bean with name 'onedriveService': Injection of autowired dependencies failed
	at org.springframework.beans.factory.annotation.AutowiredAnnotationBeanPostProcessor.postProcessProperties(AutowiredAnnotationBeanPostProcessor.java:515) ~[spring-beans-6.2.5.jar:6.2.5]
	at org.springframework.beans.factory.support.AbstractAutowireCapableBeanFactory.populateBean(AbstractAutowireCapableBeanFactory.java:1445) ~[spring-beans-6.2.5.jar:6.2.5]
	at org.springframework.beans.factory.support.AbstractAutowireCapableBeanFactory.doCreateBean(AbstractAutowireCapableBeanFactory.java:600) ~[spring-beans-6.2.5.jar:6.2.5]
	at org.springframework.beans.factory.support.AbstractAutowireCapableBeanFactory.createBean(AbstractAutowireCapableBeanFactory.java:523) ~[spring-beans-6.2.5.jar:6.2.5]
	at org.springframework.beans.factory.support.AbstractBeanFactory.lambda$doGetBean$0(AbstractBeanFactory.java:339) ~[spring-beans-6.2.5.jar:6.2.5]
	at org.springframework.beans.factory.support.DefaultSingletonBeanRegistry.getSingleton(DefaultSingletonBeanRegistry.java:347) ~[spring-beans-6.2.5.jar:6.2.5]
	at org.springframework.beans.factory.support.AbstractBeanFactory.doGetBean(AbstractBeanFactory.java:337) ~[spring-beans-6.2.5.jar:6.2.5]
	at org.springframework.beans.factory.support.AbstractBeanFactory.getBean(AbstractBeanFactory.java:202) ~[spring-beans-6.2.5.jar:6.2.5]
	at org.springframework.beans.factory.support.DefaultListableBeanFactory.instantiateSingleton(DefaultListableBeanFactory.java:1155) ~[spring-beans-6.2.5.jar:6.2.5]
	at org.springframework.beans.factory.support.DefaultListableBeanFactory.preInstantiateSingleton(DefaultListableBeanFactory.java:1121) ~[spring-beans-6.2.5.jar:6.2.5]
	at org.springframework.beans.factory.support.DefaultListableBeanFactory.preInstantiateSingletons(DefaultListableBeanFactory.java:1056) ~[spring-beans-6.2.5.jar:6.2.5]
	at org.springframework.context.support.AbstractApplicationContext.finishBeanFactoryInitialization(AbstractApplicationContext.java:987) ~[spring-context-6.2.5.jar:6.2.5]
	at org.springframework.context.support.AbstractApplicationContext.refresh(AbstractApplicationContext.java:627) ~[spring-context-6.2.5.jar:6.2.5]
	at org.springframework.boot.SpringApplication.refresh(SpringApplication.java:752) ~[spring-boot-3.4.4.jar:3.4.4]
	at org.springframework.boot.SpringApplication.refreshContext(SpringApplication.java:439) ~[spring-boot-3.4.4.jar:3.4.4]
	at org.springframework.boot.SpringApplication.run(SpringApplication.java:318) ~[spring-boot-3.4.4.jar:3.4.4]
	at org.springframework.boot.test.context.SpringBootContextLoader.lambda$loadContext$3(SpringBootContextLoader.java:144) ~[spring-boot-test-3.4.4.jar:3.4.4]
	at org.springframework.util.function.ThrowingSupplier.get(ThrowingSupplier.java:58) ~[spring-core-6.2.5.jar:6.2.5]
	at org.springframework.util.function.ThrowingSupplier.get(ThrowingSupplier.java:46) ~[spring-core-6.2.5.jar:6.2.5]
	at org.springframework.boot.SpringApplication.withHook(SpringApplication.java:1461) ~[spring-boot-3.4.4.jar:3.4.4]
	at org.springframework.boot.test.context.SpringBootContextLoader$ContextLoaderHook.run(SpringBootContextLoader.java:563) ~[spring-boot-test-3.4.4.jar:3.4.4]
	at org.springframework.boot.test.context.SpringBootContextLoader.loadContext(SpringBootContextLoader.java:144) ~[spring-boot-test-3.4.4.jar:3.4.4]
	at org.springframework.boot.test.context.SpringBootContextLoader.loadContext(SpringBootContextLoader.java:110) ~[spring-boot-test-3.4.4.jar:3.4.4]
	at org.springframework.test.context.cache.DefaultCacheAwareContextLoaderDelegate.loadContextInternal(DefaultCacheAwareContextLoaderDelegate.java:225) ~[spring-test-6.2.5.jar:6.2.5]
	at org.springframework.test.context.cache.DefaultCacheAwareContextLoaderDelegate.loadContext(DefaultCacheAwareContextLoaderDelegate.java:152) ~[spring-test-6.2.5.jar:6.2.5]
	at org.springframework.test.context.support.DefaultTestContext.getApplicationContext(DefaultTestContext.java:130) ~[spring-test-6.2.5.jar:6.2.5]
	at org.springframework.test.context.web.ServletTestExecutionListener.setUpRequestContextIfNecessary(ServletTestExecutionListener.java:200) ~[spring-test-6.2.5.jar:6.2.5]
	at org.springframework.test.context.web.ServletTestExecutionListener.prepareTestInstance(ServletTestExecutionListener.java:139) ~[spring-test-6.2.5.jar:6.2.5]
	at org.springframework.test.context.TestContextManager.prepareTestInstance(TestContextManager.java:260) ~[spring-test-6.2.5.jar:6.2.5]
	at org.springframework.test.context.junit.jupiter.SpringExtension.postProcessTestInstance(SpringExtension.java:160) ~[spring-test-6.2.5.jar:6.2.5]
	at org.junit.jupiter.engine.descriptor.ClassBasedTestDescriptor.lambda$invokeTestInstancePostProcessors$11(ClassBasedTestDescriptor.java:378) ~[junit-jupiter-engine-5.11.4.jar:5.11.4]
	at org.junit.jupiter.engine.descriptor.ClassBasedTestDescriptor.executeAndMaskThrowable(ClassBasedTestDescriptor.java:383) ~[junit-jupiter-engine-5.11.4.jar:5.11.4]
	at org.junit.jupiter.engine.descriptor.ClassBasedTestDescriptor.lambda$invokeTestInstancePostProcessors$12(ClassBasedTestDescriptor.java:378) ~[junit-jupiter-engine-5.11.4.jar:5.11.4]
	at java.base/java.util.stream.ForEachOps$ForEachOp$OfRef.accept(ForEachOps.java:184) ~[na:na]
	at java.base/java.util.stream.ReferencePipeline$3$1.accept(ReferencePipeline.java:197) ~[na:na]
	at java.base/java.util.stream.ReferencePipeline$2$1.accept(ReferencePipeline.java:179) ~[na:na]
	at java.base/java.util.stream.ReferencePipeline$3$1.accept(ReferencePipeline.java:197) ~[na:na]
	at java.base/java.util.ArrayList$ArrayListSpliterator.forEachRemaining(ArrayList.java:1708) ~[na:na]
	at java.base/java.util.stream.AbstractPipeline.copyInto(AbstractPipeline.java:509) ~[na:na]
	at java.base/java.util.stream.AbstractPipeline.wrapAndCopyInto(AbstractPipeline.java:499) ~[na:na]
	at java.base/java.util.stream.ForEachOps$ForEachOp.evaluateSequential(ForEachOps.java:151) ~[na:na]
	at java.base/java.util.stream.ForEachOps$ForEachOp$OfRef.evaluateSequential(ForEachOps.java:174) ~[na:na]
	at java.base/java.util.stream.AbstractPipeline.evaluate(AbstractPipeline.java:234) ~[na:na]
	at java.base/java.util.stream.ReferencePipeline.forEach(ReferencePipeline.java:596) ~[na:na]
	at org.junit.jupiter.engine.descriptor.ClassBasedTestDescriptor.invokeTestInstancePostProcessors(ClassBasedTestDescriptor.java:377) ~[junit-jupiter-engine-5.11.4.jar:5.11.4]
	at org.junit.jupiter.engine.descriptor.ClassBasedTestDescriptor.lambda$instantiateAndPostProcessTestInstance$7(ClassBasedTestDescriptor.java:290) ~[junit-jupiter-engine-5.11.4.jar:5.11.4]
	at org.junit.platform.engine.support.hierarchical.ThrowableCollector.execute(ThrowableCollector.java:73) ~[junit-platform-engine-1.11.4.jar:1.11.4]
	at org.junit.jupiter.engine.descriptor.ClassBasedTestDescriptor.instantiateAndPostProcessTestInstance(ClassBasedTestDescriptor.java:289) ~[junit-jupiter-engine-5.11.4.jar:5.11.4]
	at org.junit.jupiter.engine.descriptor.ClassBasedTestDescriptor.lambda$testInstancesProvider$5(ClassBasedTestDescriptor.java:279) ~[junit-jupiter-engine-5.11.4.jar:5.11.4]
	at java.base/java.util.Optional.orElseGet(Optional.java:364) ~[na:na]
	at org.junit.jupiter.engine.descriptor.ClassBasedTestDescriptor.lambda$testInstancesProvider$6(ClassBasedTestDescriptor.java:278) ~[junit-jupiter-engine-5.11.4.jar:5.11.4]
	at org.junit.jupiter.engine.execution.TestInstancesProvider.getTestInstances(TestInstancesProvider.java:31) ~[junit-jupiter-engine-5.11.4.jar:5.11.4]
	at org.junit.jupiter.engine.descriptor.TestMethodTestDescriptor.lambda$prepare$1(TestMethodTestDescriptor.java:105) ~[junit-jupiter-engine-5.11.4.jar:5.11.4]
	at org.junit.platform.engine.support.hierarchical.ThrowableCollector.execute(ThrowableCollector.java:73) ~[junit-platform-engine-1.11.4.jar:1.11.4]
	at org.junit.jupiter.engine.descriptor.TestMethodTestDescriptor.prepare(TestMethodTestDescriptor.java:104) ~[junit-jupiter-engine-5.11.4.jar:5.11.4]
	at org.junit.jupiter.engine.descriptor.TestMethodTestDescriptor.prepare(TestMethodTestDescriptor.java:68) ~[junit-jupiter-engine-5.11.4.jar:5.11.4]
	at org.junit.platform.engine.support.hierarchical.NodeTestTask.lambda$prepare$2(NodeTestTask.java:128) ~[junit-platform-engine-1.11.4.jar:1.11.4]
	at org.junit.platform.engine.support.hierarchical.ThrowableCollector.execute(ThrowableCollector.java:73) ~[junit-platform-engine-1.11.4.jar:1.11.4]
	at org.junit.platform.engine.support.hierarchical.NodeTestTask.prepare(NodeTestTask.java:128) ~[junit-platform-engine-1.11.4.jar:1.11.4]
	at org.junit.platform.engine.support.hierarchical.NodeTestTask.execute(NodeTestTask.java:95) ~[junit-platform-engine-1.11.4.jar:1.11.4]
	at java.base/java.util.ArrayList.forEach(ArrayList.java:1596) ~[na:na]
	at org.junit.platform.engine.support.hierarchical.SameThreadHierarchicalTestExecutorService.invokeAll(SameThreadHierarchicalTestExecutorService.java:41) ~[junit-platform-engine-1.11.4.jar:1.11.4]
	at org.junit.platform.engine.support.hierarchical.NodeTestTask.lambda$executeRecursively$6(NodeTestTask.java:160) ~[junit-platform-engine-1.11.4.jar:1.11.4]
	at org.junit.platform.engine.support.hierarchical.ThrowableCollector.execute(ThrowableCollector.java:73) ~[junit-platform-engine-1.11.4.jar:1.11.4]
	at org.junit.platform.engine.support.hierarchical.NodeTestTask.lambda$executeRecursively$8(NodeTestTask.java:146) ~[junit-platform-engine-1.11.4.jar:1.11.4]
	at org.junit.platform.engine.support.hierarchical.Node.around(Node.java:137) ~[junit-platform-engine-1.11.4.jar:1.11.4]
	at org.junit.platform.engine.support.hierarchical.NodeTestTask.lambda$executeRecursively$9(NodeTestTask.java:144) ~[junit-platform-engine-1.11.4.jar:1.11.4]
	at org.junit.platform.engine.support.hierarchical.ThrowableCollector.execute(ThrowableCollector.java:73) ~[junit-platform-engine-1.11.4.jar:1.11.4]
	at org.junit.platform.engine.support.hierarchical.NodeTestTask.executeRecursively(NodeTestTask.java:143) ~[junit-platform-engine-1.11.4.jar:1.11.4]
	at org.junit.platform.engine.support.hierarchical.NodeTestTask.execute(NodeTestTask.java:100) ~[junit-platform-engine-1.11.4.jar:1.11.4]
	at java.base/java.util.ArrayList.forEach(ArrayList.java:1596) ~[na:na]
	at org.junit.platform.engine.support.hierarchical.SameThreadHierarchicalTestExecutorService.invokeAll(SameThreadHierarchicalTestExecutorService.java:41) ~[junit-platform-engine-1.11.4.jar:1.11.4]
	at org.junit.platform.engine.support.hierarchical.NodeTestTask.lambda$executeRecursively$6(NodeTestTask.java:160) ~[junit-platform-engine-1.11.4.jar:1.11.4]
	at org.junit.platform.engine.support.hierarchical.ThrowableCollector.execute(ThrowableCollector.java:73) ~[junit-platform-engine-1.11.4.jar:1.11.4]
	at org.junit.platform.engine.support.hierarchical.NodeTestTask.lambda$executeRecursively$8(NodeTestTask.java:146) ~[junit-platform-engine-1.11.4.jar:1.11.4]
	at org.junit.platform.engine.support.hierarchical.Node.around(Node.java:137) ~[junit-platform-engine-1.11.4.jar:1.11.4]
	at org.junit.platform.engine.support.hierarchical.NodeTestTask.lambda$executeRecursively$9(NodeTestTask.java:144) ~[junit-platform-engine-1.11.4.jar:1.11.4]
	at org.junit.platform.engine.support.hierarchical.ThrowableCollector.execute(ThrowableCollector.java:73) ~[junit-platform-engine-1.11.4.jar:1.11.4]
	at org.junit.platform.engine.support.hierarchical.NodeTestTask.executeRecursively(NodeTestTask.java:143) ~[junit-platform-engine-1.11.4.jar:1.11.4]
	at org.junit.platform.engine.support.hierarchical.NodeTestTask.execute(NodeTestTask.java:100) ~[junit-platform-engine-1.11.4.jar:1.11.4]
	at org.junit.platform.engine.support.hierarchical.SameThreadHierarchicalTestExecutorService.submit(SameThreadHierarchicalTestExecutorService.java:35) ~[junit-platform-engine-1.11.4.jar:1.11.4]
	at org.junit.platform.engine.support.hierarchical.HierarchicalTestExecutor.execute(HierarchicalTestExecutor.java:57) ~[junit-platform-engine-1.11.4.jar:1.11.4]
	at org.junit.platform.engine.support.hierarchical.HierarchicalTestEngine.execute(HierarchicalTestEngine.java:54) ~[junit-platform-engine-1.11.4.jar:1.11.4]
	at org.junit.platform.launcher.core.EngineExecutionOrchestrator.execute(EngineExecutionOrchestrator.java:198) ~[junit-platform-launcher-1.11.4.jar:1.11.4]
	at org.junit.platform.launcher.core.EngineExecutionOrchestrator.execute(EngineExecutionOrchestrator.java:169) ~[junit-platform-launcher-1.11.4.jar:1.11.4]
	at org.junit.platform.launcher.core.EngineExecutionOrchestrator.execute(EngineExecutionOrchestrator.java:93) ~[junit-platform-launcher-1.11.4.jar:1.11.4]
	at org.junit.platform.launcher.core.EngineExecutionOrchestrator.lambda$execute$0(EngineExecutionOrchestrator.java:58) ~[junit-platform-launcher-1.11.4.jar:1.11.4]
	at org.junit.platform.launcher.core.EngineExecutionOrchestrator.withInterceptedStreams(EngineExecutionOrchestrator.java:141) ~[junit-platform-launcher-1.11.4.jar:1.11.4]
	at org.junit.platform.launcher.core.EngineExecutionOrchestrator.execute(EngineExecutionOrchestrator.java:57) ~[junit-platform-launcher-1.11.4.jar:1.11.4]
	at org.junit.platform.launcher.core.DefaultLauncher.execute(DefaultLauncher.java:103) ~[junit-platform-launcher-1.11.4.jar:1.11.4]
	at org.junit.platform.launcher.core.DefaultLauncher.execute(DefaultLauncher.java:85) ~[junit-platform-launcher-1.11.4.jar:1.11.4]
	at org.junit.platform.launcher.core.DelegatingLauncher.execute(DelegatingLauncher.java:47) ~[junit-platform-launcher-1.11.4.jar:1.11.4]
	at org.apache.maven.surefire.junitplatform.LazyLauncher.execute(LazyLauncher.java:56) ~[surefire-junit-platform-3.5.2.jar:3.5.2]
	at org.apache.maven.surefire.junitplatform.JUnitPlatformProvider.execute(JUnitPlatformProvider.java:184) ~[surefire-junit-platform-3.5.2.jar:3.5.2]
	at org.apache.maven.surefire.junitplatform.JUnitPlatformProvider.invokeAllTests(JUnitPlatformProvider.java:148) ~[surefire-junit-platform-3.5.2.jar:3.5.2]
	at org.apache.maven.surefire.junitplatform.JUnitPlatformProvider.invoke(JUnitPlatformProvider.java:122) ~[surefire-junit-platform-3.5.2.jar:3.5.2]
	at org.apache.maven.surefire.booter.ForkedBooter.runSuitesInProcess(ForkedBooter.java:385) ~[surefire-booter-3.5.2.jar:3.5.2]
	at org.apache.maven.surefire.booter.ForkedBooter.execute(ForkedBooter.java:162) ~[surefire-booter-3.5.2.jar:3.5.2]
	at org.apache.maven.surefire.booter.ForkedBooter.run(ForkedBooter.java:507) ~[surefire-booter-3.5.2.jar:3.5.2]
	at org.apache.maven.surefire.booter.ForkedBooter.main(ForkedBooter.java:495) ~[surefire-booter-3.5.2.jar:3.5.2]
Caused by: org.springframework.util.PlaceholderResolutionException: Could not resolve placeholder 'MICROSOFT_ONEDRIVE_ACCESS_TOKEN' in value "${MICROSOFT_ONEDRIVE_ACCESS_TOKEN}" <-- "${onedrive.access-token}"
	at org.springframework.util.PlaceholderResolutionException.withValue(PlaceholderResolutionException.java:81) ~[spring-core-6.2.5.jar:6.2.5]
	at org.springframework.util.PlaceholderParser$ParsedValue.resolve(PlaceholderParser.java:423) ~[spring-core-6.2.5.jar:6.2.5]
	at org.springframework.util.PlaceholderParser.replacePlaceholders(PlaceholderParser.java:128) ~[spring-core-6.2.5.jar:6.2.5]
	at org.springframework.util.PropertyPlaceholderHelper.parseStringValue(PropertyPlaceholderHelper.java:118) ~[spring-core-6.2.5.jar:6.2.5]
	at org.springframework.util.PropertyPlaceholderHelper.replacePlaceholders(PropertyPlaceholderHelper.java:114) ~[spring-core-6.2.5.jar:6.2.5]
	at org.springframework.core.env.AbstractPropertyResolver.doResolvePlaceholders(AbstractPropertyResolver.java:255) ~[spring-core-6.2.5.jar:6.2.5]
	at org.springframework.core.env.AbstractPropertyResolver.resolveRequiredPlaceholders(AbstractPropertyResolver.java:226) ~[spring-core-6.2.5.jar:6.2.5]
	at org.springframework.context.support.PropertySourcesPlaceholderConfigurer.lambda$processProperties$0(PropertySourcesPlaceholderConfigurer.java:201) ~[spring-context-6.2.5.jar:6.2.5]
	at org.springframework.beans.factory.support.AbstractBeanFactory.resolveEmbeddedValue(AbstractBeanFactory.java:971) ~[spring-beans-6.2.5.jar:6.2.5]
	at org.springframework.beans.factory.support.DefaultListableBeanFactory.doResolveDependency(DefaultListableBeanFactory.java:1577) ~[spring-beans-6.2.5.jar:6.2.5]
	at org.springframework.beans.factory.support.DefaultListableBeanFactory.resolveDependency(DefaultListableBeanFactory.java:1555) ~[spring-beans-6.2.5.jar:6.2.5]
	at org.springframework.beans.factory.annotation.AutowiredAnnotationBeanPostProcessor$AutowiredFieldElement.resolveFieldValue(AutowiredAnnotationBeanPostProcessor.java:785) ~[spring-beans-6.2.5.jar:6.2.5]
	at org.springframework.beans.factory.annotation.AutowiredAnnotationBeanPostProcessor$AutowiredFieldElement.inject(AutowiredAnnotationBeanPostProcessor.java:768) ~[spring-beans-6.2.5.jar:6.2.5]
	at org.springframework.beans.factory.annotation.InjectionMetadata.inject(InjectionMetadata.java:146) ~[spring-beans-6.2.5.jar:6.2.5]
	at org.springframework.beans.factory.annotation.AutowiredAnnotationBeanPostProcessor.postProcessProperties(AutowiredAnnotationBeanPostProcessor.java:509) ~[spring-beans-6.2.5.jar:6.2.5]
	... 99 common frames omitted

2025-04-20T10:26:59.411+08:00  WARN 7362 --- [onedrive-mcp-server] [main] o.s.test.context.TestContextManager      : Caught exception while allowing TestExecutionListener [org.springframework.test.context.web.ServletTestExecutionListener] to prepare test instance [com.karthik.ai.mcpserver.onedrive.OnedriveMcpServerApplicationTests@77f905e3]

java.lang.IllegalStateException: Failed to load ApplicationContext for [WebMergedContextConfiguration@60dd0587 testClass = com.karthik.ai.mcpserver.onedrive.OnedriveMcpServerApplicationTests, locations = [], classes = [com.karthik.ai.mcpserver.onedrive.OnedriveMcpServerApplication], contextInitializerClasses = [], activeProfiles = [], propertySourceDescriptors = [], propertySourceProperties = ["org.springframework.boot.test.context.SpringBootTestContextBootstrapper=true"], contextCustomizers = [org.springframework.boot.test.context.filter.ExcludeFilterContextCustomizer@7fd50002, org.springframework.boot.test.json.DuplicateJsonObjectContextCustomizerFactory$DuplicateJsonObjectContextCustomizer@28dcca0c, org.springframework.boot.test.mock.mockito.MockitoContextCustomizer@0, org.springframework.boot.test.web.client.TestRestTemplateContextCustomizer@4201c465, org.springframework.boot.test.web.reactor.netty.DisableReactorResourceFactoryGlobalResourcesContextCustomizerFactory$DisableReactorResourceFactoryGlobalResourcesContextCustomizerCustomizer@338fc1d8, org.springframework.boot.test.autoconfigure.OnFailureConditionReportContextCustomizerFactory$OnFailureConditionReportContextCustomizer@55cb6996, org.springframework.boot.test.autoconfigure.actuate.observability.ObservabilityContextCustomizerFactory$DisableObservabilityContextCustomizer@1f, org.springframework.boot.test.autoconfigure.properties.PropertyMappingContextCustomizer@0, org.springframework.boot.test.autoconfigure.web.servlet.WebDriverContextCustomizer@6b09fb41, org.springframework.test.context.support.DynamicPropertiesContextCustomizer@0, org.springframework.boot.test.context.SpringBootTestAnnotation@7391d966], resourceBasePath = "src/main/webapp", contextLoader = org.springframework.boot.test.context.SpringBootContextLoader, parent = null]
	at org.springframework.test.context.cache.DefaultCacheAwareContextLoaderDelegate.loadContext(DefaultCacheAwareContextLoaderDelegate.java:180) ~[spring-test-6.2.5.jar:6.2.5]
	at org.springframework.test.context.support.DefaultTestContext.getApplicationContext(DefaultTestContext.java:130) ~[spring-test-6.2.5.jar:6.2.5]
	at org.springframework.test.context.web.ServletTestExecutionListener.setUpRequestContextIfNecessary(ServletTestExecutionListener.java:200) ~[spring-test-6.2.5.jar:6.2.5]
	at org.springframework.test.context.web.ServletTestExecutionListener.prepareTestInstance(ServletTestExecutionListener.java:139) ~[spring-test-6.2.5.jar:6.2.5]
	at org.springframework.test.context.TestContextManager.prepareTestInstance(TestContextManager.java:260) ~[spring-test-6.2.5.jar:6.2.5]
	at org.springframework.test.context.junit.jupiter.SpringExtension.postProcessTestInstance(SpringExtension.java:160) ~[spring-test-6.2.5.jar:6.2.5]
	at org.junit.jupiter.engine.descriptor.ClassBasedTestDescriptor.lambda$invokeTestInstancePostProcessors$11(ClassBasedTestDescriptor.java:378) ~[junit-jupiter-engine-5.11.4.jar:5.11.4]
	at org.junit.jupiter.engine.descriptor.ClassBasedTestDescriptor.executeAndMaskThrowable(ClassBasedTestDescriptor.java:383) ~[junit-jupiter-engine-5.11.4.jar:5.11.4]
	at org.junit.jupiter.engine.descriptor.ClassBasedTestDescriptor.lambda$invokeTestInstancePostProcessors$12(ClassBasedTestDescriptor.java:378) ~[junit-jupiter-engine-5.11.4.jar:5.11.4]
	at java.base/java.util.stream.ForEachOps$ForEachOp$OfRef.accept(ForEachOps.java:184) ~[na:na]
	at java.base/java.util.stream.ReferencePipeline$3$1.accept(ReferencePipeline.java:197) ~[na:na]
	at java.base/java.util.stream.ReferencePipeline$2$1.accept(ReferencePipeline.java:179) ~[na:na]
	at java.base/java.util.stream.ReferencePipeline$3$1.accept(ReferencePipeline.java:197) ~[na:na]
	at java.base/java.util.ArrayList$ArrayListSpliterator.forEachRemaining(ArrayList.java:1708) ~[na:na]
	at java.base/java.util.stream.AbstractPipeline.copyInto(AbstractPipeline.java:509) ~[na:na]
	at java.base/java.util.stream.AbstractPipeline.wrapAndCopyInto(AbstractPipeline.java:499) ~[na:na]
	at java.base/java.util.stream.ForEachOps$ForEachOp.evaluateSequential(ForEachOps.java:151) ~[na:na]
	at java.base/java.util.stream.ForEachOps$ForEachOp$OfRef.evaluateSequential(ForEachOps.java:174) ~[na:na]
	at java.base/java.util.stream.AbstractPipeline.evaluate(AbstractPipeline.java:234) ~[na:na]
	at java.base/java.util.stream.ReferencePipeline.forEach(ReferencePipeline.java:596) ~[na:na]
	at org.junit.jupiter.engine.descriptor.ClassBasedTestDescriptor.invokeTestInstancePostProcessors(ClassBasedTestDescriptor.java:377) ~[junit-jupiter-engine-5.11.4.jar:5.11.4]
	at org.junit.jupiter.engine.descriptor.ClassBasedTestDescriptor.lambda$instantiateAndPostProcessTestInstance$7(ClassBasedTestDescriptor.java:290) ~[junit-jupiter-engine-5.11.4.jar:5.11.4]
	at org.junit.platform.engine.support.hierarchical.ThrowableCollector.execute(ThrowableCollector.java:73) ~[junit-platform-engine-1.11.4.jar:1.11.4]
	at org.junit.jupiter.engine.descriptor.ClassBasedTestDescriptor.instantiateAndPostProcessTestInstance(ClassBasedTestDescriptor.java:289) ~[junit-jupiter-engine-5.11.4.jar:5.11.4]
	at org.junit.jupiter.engine.descriptor.ClassBasedTestDescriptor.lambda$testInstancesProvider$5(ClassBasedTestDescriptor.java:279) ~[junit-jupiter-engine-5.11.4.jar:5.11.4]
	at java.base/java.util.Optional.orElseGet(Optional.java:364) ~[na:na]
	at org.junit.jupiter.engine.descriptor.ClassBasedTestDescriptor.lambda$testInstancesProvider$6(ClassBasedTestDescriptor.java:278) ~[junit-jupiter-engine-5.11.4.jar:5.11.4]
	at org.junit.jupiter.engine.execution.TestInstancesProvider.getTestInstances(TestInstancesProvider.java:31) ~[junit-jupiter-engine-5.11.4.jar:5.11.4]
	at org.junit.jupiter.engine.descriptor.TestMethodTestDescriptor.lambda$prepare$1(TestMethodTestDescriptor.java:105) ~[junit-jupiter-engine-5.11.4.jar:5.11.4]
	at org.junit.platform.engine.support.hierarchical.ThrowableCollector.execute(ThrowableCollector.java:73) ~[junit-platform-engine-1.11.4.jar:1.11.4]
	at org.junit.jupiter.engine.descriptor.TestMethodTestDescriptor.prepare(TestMethodTestDescriptor.java:104) ~[junit-jupiter-engine-5.11.4.jar:5.11.4]
	at org.junit.jupiter.engine.descriptor.TestMethodTestDescriptor.prepare(TestMethodTestDescriptor.java:68) ~[junit-jupiter-engine-5.11.4.jar:5.11.4]
	at org.junit.platform.engine.support.hierarchical.NodeTestTask.lambda$prepare$2(NodeTestTask.java:128) ~[junit-platform-engine-1.11.4.jar:1.11.4]
	at org.junit.platform.engine.support.hierarchical.ThrowableCollector.execute(ThrowableCollector.java:73) ~[junit-platform-engine-1.11.4.jar:1.11.4]
	at org.junit.platform.engine.support.hierarchical.NodeTestTask.prepare(NodeTestTask.java:128) ~[junit-platform-engine-1.11.4.jar:1.11.4]
	at org.junit.platform.engine.support.hierarchical.NodeTestTask.execute(NodeTestTask.java:95) ~[junit-platform-engine-1.11.4.jar:1.11.4]
	at java.base/java.util.ArrayList.forEach(ArrayList.java:1596) ~[na:na]
	at org.junit.platform.engine.support.hierarchical.SameThreadHierarchicalTestExecutorService.invokeAll(SameThreadHierarchicalTestExecutorService.java:41) ~[junit-platform-engine-1.11.4.jar:1.11.4]
	at org.junit.platform.engine.support.hierarchical.NodeTestTask.lambda$executeRecursively$6(NodeTestTask.java:160) ~[junit-platform-engine-1.11.4.jar:1.11.4]
	at org.junit.platform.engine.support.hierarchical.ThrowableCollector.execute(ThrowableCollector.java:73) ~[junit-platform-engine-1.11.4.jar:1.11.4]
	at org.junit.platform.engine.support.hierarchical.NodeTestTask.lambda$executeRecursively$8(NodeTestTask.java:146) ~[junit-platform-engine-1.11.4.jar:1.11.4]
	at org.junit.platform.engine.support.hierarchical.Node.around(Node.java:137) ~[junit-platform-engine-1.11.4.jar:1.11.4]
	at org.junit.platform.engine.support.hierarchical.NodeTestTask.lambda$executeRecursively$9(NodeTestTask.java:144) ~[junit-platform-engine-1.11.4.jar:1.11.4]
	at org.junit.platform.engine.support.hierarchical.ThrowableCollector.execute(ThrowableCollector.java:73) ~[junit-platform-engine-1.11.4.jar:1.11.4]
	at org.junit.platform.engine.support.hierarchical.NodeTestTask.executeRecursively(NodeTestTask.java:143) ~[junit-platform-engine-1.11.4.jar:1.11.4]
	at org.junit.platform.engine.support.hierarchical.NodeTestTask.execute(NodeTestTask.java:100) ~[junit-platform-engine-1.11.4.jar:1.11.4]
	at java.base/java.util.ArrayList.forEach(ArrayList.java:1596) ~[na:na]
	at org.junit.platform.engine.support.hierarchical.SameThreadHierarchicalTestExecutorService.invokeAll(SameThreadHierarchicalTestExecutorService.java:41) ~[junit-platform-engine-1.11.4.jar:1.11.4]
	at org.junit.platform.engine.support.hierarchical.NodeTestTask.lambda$executeRecursively$6(NodeTestTask.java:160) ~[junit-platform-engine-1.11.4.jar:1.11.4]
	at org.junit.platform.engine.support.hierarchical.ThrowableCollector.execute(ThrowableCollector.java:73) ~[junit-platform-engine-1.11.4.jar:1.11.4]
	at org.junit.platform.engine.support.hierarchical.NodeTestTask.lambda$executeRecursively$8(NodeTestTask.java:146) ~[junit-platform-engine-1.11.4.jar:1.11.4]
	at org.junit.platform.engine.support.hierarchical.Node.around(Node.java:137) ~[junit-platform-engine-1.11.4.jar:1.11.4]
	at org.junit.platform.engine.support.hierarchical.NodeTestTask.lambda$executeRecursively$9(NodeTestTask.java:144) ~[junit-platform-engine-1.11.4.jar:1.11.4]
	at org.junit.platform.engine.support.hierarchical.ThrowableCollector.execute(ThrowableCollector.java:73) ~[junit-platform-engine-1.11.4.jar:1.11.4]
	at org.junit.platform.engine.support.hierarchical.NodeTestTask.executeRecursively(NodeTestTask.java:143) ~[junit-platform-engine-1.11.4.jar:1.11.4]
	at org.junit.platform.engine.support.hierarchical.NodeTestTask.execute(NodeTestTask.java:100) ~[junit-platform-engine-1.11.4.jar:1.11.4]
	at org.junit.platform.engine.support.hierarchical.SameThreadHierarchicalTestExecutorService.submit(SameThreadHierarchicalTestExecutorService.java:35) ~[junit-platform-engine-1.11.4.jar:1.11.4]
	at org.junit.platform.engine.support.hierarchical.HierarchicalTestExecutor.execute(HierarchicalTestExecutor.java:57) ~[junit-platform-engine-1.11.4.jar:1.11.4]
	at org.junit.platform.engine.support.hierarchical.HierarchicalTestEngine.execute(HierarchicalTestEngine.java:54) ~[junit-platform-engine-1.11.4.jar:1.11.4]
	at org.junit.platform.launcher.core.EngineExecutionOrchestrator.execute(EngineExecutionOrchestrator.java:198) ~[junit-platform-launcher-1.11.4.jar:1.11.4]
	at org.junit.platform.launcher.core.EngineExecutionOrchestrator.execute(EngineExecutionOrchestrator.java:169) ~[junit-platform-launcher-1.11.4.jar:1.11.4]
	at org.junit.platform.launcher.core.EngineExecutionOrchestrator.execute(EngineExecutionOrchestrator.java:93) ~[junit-platform-launcher-1.11.4.jar:1.11.4]
	at org.junit.platform.launcher.core.EngineExecutionOrchestrator.lambda$execute$0(EngineExecutionOrchestrator.java:58) ~[junit-platform-launcher-1.11.4.jar:1.11.4]
	at org.junit.platform.launcher.core.EngineExecutionOrchestrator.withInterceptedStreams(EngineExecutionOrchestrator.java:141) ~[junit-platform-launcher-1.11.4.jar:1.11.4]
	at org.junit.platform.launcher.core.EngineExecutionOrchestrator.execute(EngineExecutionOrchestrator.java:57) ~[junit-platform-launcher-1.11.4.jar:1.11.4]
	at org.junit.platform.launcher.core.DefaultLauncher.execute(DefaultLauncher.java:103) ~[junit-platform-launcher-1.11.4.jar:1.11.4]
	at org.junit.platform.launcher.core.DefaultLauncher.execute(DefaultLauncher.java:85) ~[junit-platform-launcher-1.11.4.jar:1.11.4]
	at org.junit.platform.launcher.core.DelegatingLauncher.execute(DelegatingLauncher.java:47) ~[junit-platform-launcher-1.11.4.jar:1.11.4]
	at org.apache.maven.surefire.junitplatform.LazyLauncher.execute(LazyLauncher.java:56) ~[surefire-junit-platform-3.5.2.jar:3.5.2]
	at org.apache.maven.surefire.junitplatform.JUnitPlatformProvider.execute(JUnitPlatformProvider.java:184) ~[surefire-junit-platform-3.5.2.jar:3.5.2]
	at org.apache.maven.surefire.junitplatform.JUnitPlatformProvider.invokeAllTests(JUnitPlatformProvider.java:148) ~[surefire-junit-platform-3.5.2.jar:3.5.2]
	at org.apache.maven.surefire.junitplatform.JUnitPlatformProvider.invoke(JUnitPlatformProvider.java:122) ~[surefire-junit-platform-3.5.2.jar:3.5.2]
	at org.apache.maven.surefire.booter.ForkedBooter.runSuitesInProcess(ForkedBooter.java:385) ~[surefire-booter-3.5.2.jar:3.5.2]
	at org.apache.maven.surefire.booter.ForkedBooter.execute(ForkedBooter.java:162) ~[surefire-booter-3.5.2.jar:3.5.2]
	at org.apache.maven.surefire.booter.ForkedBooter.run(ForkedBooter.java:507) ~[surefire-booter-3.5.2.jar:3.5.2]
	at org.apache.maven.surefire.booter.ForkedBooter.main(ForkedBooter.java:495) ~[surefire-booter-3.5.2.jar:3.5.2]
Caused by: org.springframework.beans.factory.BeanCreationException: Error creating bean with name 'onedriveService': Injection of autowired dependencies failed
	at org.springframework.beans.factory.annotation.AutowiredAnnotationBeanPostProcessor.postProcessProperties(AutowiredAnnotationBeanPostProcessor.java:515) ~[spring-beans-6.2.5.jar:6.2.5]
	at org.springframework.beans.factory.support.AbstractAutowireCapableBeanFactory.populateBean(AbstractAutowireCapableBeanFactory.java:1445) ~[spring-beans-6.2.5.jar:6.2.5]
	at org.springframework.beans.factory.support.AbstractAutowireCapableBeanFactory.doCreateBean(AbstractAutowireCapableBeanFactory.java:600) ~[spring-beans-6.2.5.jar:6.2.5]
	at org.springframework.beans.factory.support.AbstractAutowireCapableBeanFactory.createBean(AbstractAutowireCapableBeanFactory.java:523) ~[spring-beans-6.2.5.jar:6.2.5]
	at org.springframework.beans.factory.support.AbstractBeanFactory.lambda$doGetBean$0(AbstractBeanFactory.java:339) ~[spring-beans-6.2.5.jar:6.2.5]
	at org.springframework.beans.factory.support.DefaultSingletonBeanRegistry.getSingleton(DefaultSingletonBeanRegistry.java:347) ~[spring-beans-6.2.5.jar:6.2.5]
	at org.springframework.beans.factory.support.AbstractBeanFactory.doGetBean(AbstractBeanFactory.java:337) ~[spring-beans-6.2.5.jar:6.2.5]
	at org.springframework.beans.factory.support.AbstractBeanFactory.getBean(AbstractBeanFactory.java:202) ~[spring-beans-6.2.5.jar:6.2.5]
	at org.springframework.beans.factory.support.DefaultListableBeanFactory.instantiateSingleton(DefaultListableBeanFactory.java:1155) ~[spring-beans-6.2.5.jar:6.2.5]
	at org.springframework.beans.factory.support.DefaultListableBeanFactory.preInstantiateSingleton(DefaultListableBeanFactory.java:1121) ~[spring-beans-6.2.5.jar:6.2.5]
	at org.springframework.beans.factory.support.DefaultListableBeanFactory.preInstantiateSingletons(DefaultListableBeanFactory.java:1056) ~[spring-beans-6.2.5.jar:6.2.5]
	at org.springframework.context.support.AbstractApplicationContext.finishBeanFactoryInitialization(AbstractApplicationContext.java:987) ~[spring-context-6.2.5.jar:6.2.5]
	at org.springframework.context.support.AbstractApplicationContext.refresh(AbstractApplicationContext.java:627) ~[spring-context-6.2.5.jar:6.2.5]
	at org.springframework.boot.SpringApplication.refresh(SpringApplication.java:752) ~[spring-boot-3.4.4.jar:3.4.4]
	at org.springframework.boot.SpringApplication.refreshContext(SpringApplication.java:439) ~[spring-boot-3.4.4.jar:3.4.4]
	at org.springframework.boot.SpringApplication.run(SpringApplication.java:318) ~[spring-boot-3.4.4.jar:3.4.4]
	at org.springframework.boot.test.context.SpringBootContextLoader.lambda$loadContext$3(SpringBootContextLoader.java:144) ~[spring-boot-test-3.4.4.jar:3.4.4]
	at org.springframework.util.function.ThrowingSupplier.get(ThrowingSupplier.java:58) ~[spring-core-6.2.5.jar:6.2.5]
	at org.springframework.util.function.ThrowingSupplier.get(ThrowingSupplier.java:46) ~[spring-core-6.2.5.jar:6.2.5]
	at org.springframework.boot.SpringApplication.withHook(SpringApplication.java:1461) ~[spring-boot-3.4.4.jar:3.4.4]
	at org.springframework.boot.test.context.SpringBootContextLoader$ContextLoaderHook.run(SpringBootContextLoader.java:563) ~[spring-boot-test-3.4.4.jar:3.4.4]
	at org.springframework.boot.test.context.SpringBootContextLoader.loadContext(SpringBootContextLoader.java:144) ~[spring-boot-test-3.4.4.jar:3.4.4]
	at org.springframework.boot.test.context.SpringBootContextLoader.loadContext(SpringBootContextLoader.java:110) ~[spring-boot-test-3.4.4.jar:3.4.4]
	at org.springframework.test.context.cache.DefaultCacheAwareContextLoaderDelegate.loadContextInternal(DefaultCacheAwareContextLoaderDelegate.java:225) ~[spring-test-6.2.5.jar:6.2.5]
	at org.springframework.test.context.cache.DefaultCacheAwareContextLoaderDelegate.loadContext(DefaultCacheAwareContextLoaderDelegate.java:152) ~[spring-test-6.2.5.jar:6.2.5]
	... 75 common frames omitted
Caused by: org.springframework.util.PlaceholderResolutionException: Could not resolve placeholder 'MICROSOFT_ONEDRIVE_ACCESS_TOKEN' in value "${MICROSOFT_ONEDRIVE_ACCESS_TOKEN}" <-- "${onedrive.access-token}"
	at org.springframework.util.PlaceholderResolutionException.withValue(PlaceholderResolutionException.java:81) ~[spring-core-6.2.5.jar:6.2.5]
	at org.springframework.util.PlaceholderParser$ParsedValue.resolve(PlaceholderParser.java:423) ~[spring-core-6.2.5.jar:6.2.5]
	at org.springframework.util.PlaceholderParser.replacePlaceholders(PlaceholderParser.java:128) ~[spring-core-6.2.5.jar:6.2.5]
	at org.springframework.util.PropertyPlaceholderHelper.parseStringValue(PropertyPlaceholderHelper.java:118) ~[spring-core-6.2.5.jar:6.2.5]
	at org.springframework.util.PropertyPlaceholderHelper.replacePlaceholders(PropertyPlaceholderHelper.java:114) ~[spring-core-6.2.5.jar:6.2.5]
	at org.springframework.core.env.AbstractPropertyResolver.doResolvePlaceholders(AbstractPropertyResolver.java:255) ~[spring-core-6.2.5.jar:6.2.5]
	at org.springframework.core.env.AbstractPropertyResolver.resolveRequiredPlaceholders(AbstractPropertyResolver.java:226) ~[spring-core-6.2.5.jar:6.2.5]
	at org.springframework.context.support.PropertySourcesPlaceholderConfigurer.lambda$processProperties$0(PropertySourcesPlaceholderConfigurer.java:201) ~[spring-context-6.2.5.jar:6.2.5]
	at org.springframework.beans.factory.support.AbstractBeanFactory.resolveEmbeddedValue(AbstractBeanFactory.java:971) ~[spring-beans-6.2.5.jar:6.2.5]
	at org.springframework.beans.factory.support.DefaultListableBeanFactory.doResolveDependency(DefaultListableBeanFactory.java:1577) ~[spring-beans-6.2.5.jar:6.2.5]
	at org.springframework.beans.factory.support.DefaultListableBeanFactory.resolveDependency(DefaultListableBeanFactory.java:1555) ~[spring-beans-6.2.5.jar:6.2.5]
	at org.springframework.beans.factory.annotation.AutowiredAnnotationBeanPostProcessor$AutowiredFieldElement.resolveFieldValue(AutowiredAnnotationBeanPostProcessor.java:785) ~[spring-beans-6.2.5.jar:6.2.5]
	at org.springframework.beans.factory.annotation.AutowiredAnnotationBeanPostProcessor$AutowiredFieldElement.inject(AutowiredAnnotationBeanPostProcessor.java:768) ~[spring-beans-6.2.5.jar:6.2.5]
	at org.springframework.beans.factory.annotation.InjectionMetadata.inject(InjectionMetadata.java:146) ~[spring-beans-6.2.5.jar:6.2.5]
	at org.springframework.beans.factory.annotation.AutowiredAnnotationBeanPostProcessor.postProcessProperties(AutowiredAnnotationBeanPostProcessor.java:509) ~[spring-beans-6.2.5.jar:6.2.5]
	... 99 common frames omitted

2025-04-20T10:28:33.289+08:00  INFO 8089 --- [onedrive-mcp-server] [main] .a.m.o.OnedriveMcpServerApplicationTests : Starting OnedriveMcpServerApplicationTests using Java 21.0.6 with PID 8089 (started by karthik in /home/karthik/projects/github/onedrive-mcp-server/onedrive-mcp-server)
2025-04-20T10:28:33.290+08:00  INFO 8089 --- [onedrive-mcp-server] [main] .a.m.o.OnedriveMcpServerApplicationTests : No active profile set, falling back to 1 default profile: "default"
2025-04-20T10:28:34.238+08:00  INFO 8089 --- [onedrive-mcp-server] [main] o.s.a.m.s.a.McpServerAutoConfiguration   : Registered tools: 1, notification: true
2025-04-20T10:28:34.296+08:00  INFO 8089 --- [onedrive-mcp-server] [main] .a.m.o.OnedriveMcpServerApplicationTests : Started OnedriveMcpServerApplicationTests in 1.248 seconds (process running for 1.916)
2025-04-20T10:30:10.564+08:00  INFO 8849 --- [onedrive-mcp-server] [main] .a.m.o.OnedriveMcpServerApplicationTests : Starting OnedriveMcpServerApplicationTests using Java 21.0.6 with PID 8849 (started by karthik in /home/karthik/projects/github/onedrive-mcp-server/onedrive-mcp-server)
2025-04-20T10:30:10.565+08:00  INFO 8849 --- [onedrive-mcp-server] [main] .a.m.o.OnedriveMcpServerApplicationTests : No active profile set, falling back to 1 default profile: "default"
2025-04-20T10:30:11.467+08:00  INFO 8849 --- [onedrive-mcp-server] [main] o.s.a.m.s.a.McpServerAutoConfiguration   : Registered tools: 1, notification: true
2025-04-20T10:30:11.523+08:00  INFO 8849 --- [onedrive-mcp-server] [main] .a.m.o.OnedriveMcpServerApplicationTests : Started OnedriveMcpServerApplicationTests in 1.235 seconds (process running for 1.981)
2025-04-20T10:30:51.546+08:00  INFO 9611 --- [onedrive-mcp-server] [main] .a.m.o.OnedriveMcpServerApplicationTests : Starting OnedriveMcpServerApplicationTests using Java 21.0.6 with PID 9611 (started by karthik in /home/karthik/projects/github/onedrive-mcp-server/onedrive-mcp-server)
2025-04-20T10:30:51.548+08:00  INFO 9611 --- [onedrive-mcp-server] [main] .a.m.o.OnedriveMcpServerApplicationTests : No active profile set, falling back to 1 default profile: "default"
2025-04-20T10:30:52.614+08:00  INFO 9611 --- [onedrive-mcp-server] [main] o.s.a.m.s.a.McpServerAutoConfiguration   : Registered tools: 1, notification: true
2025-04-20T10:30:52.679+08:00  INFO 9611 --- [onedrive-mcp-server] [main] .a.m.o.OnedriveMcpServerApplicationTests : Started OnedriveMcpServerApplicationTests in 1.45 seconds (process running for 2.116)
2025-04-20T10:36:17.975+08:00  INFO 12632 --- [onedrive-mcp-server] [main] .a.m.o.OnedriveMcpServerApplicationTests : Starting OnedriveMcpServerApplicationTests using Java 21.0.6 with PID 12632 (started by karthik in /home/karthik/projects/github/onedrive-mcp-server/onedrive-mcp-server)
2025-04-20T10:36:17.977+08:00  INFO 12632 --- [onedrive-mcp-server] [main] .a.m.o.OnedriveMcpServerApplicationTests : No active profile set, falling back to 1 default profile: "default"
2025-04-20T10:36:18.889+08:00  INFO 12632 --- [onedrive-mcp-server] [main] o.s.a.m.s.a.McpServerAutoConfiguration   : Registered tools: 1, notification: true
2025-04-20T10:36:18.939+08:00  INFO 12632 --- [onedrive-mcp-server] [main] .a.m.o.OnedriveMcpServerApplicationTests : Started OnedriveMcpServerApplicationTests in 1.223 seconds (process running for 1.905)
2025-04-20T10:39:40.970+08:00  INFO 14251 --- [onedrive-mcp-server] [main] .a.m.o.OnedriveMcpServerApplicationTests : Starting OnedriveMcpServerApplicationTests using Java 21.0.6 with PID 14251 (started by karthik in /home/karthik/projects/github/onedrive-mcp-server/onedrive-mcp-server)
2025-04-20T10:39:40.971+08:00  INFO 14251 --- [onedrive-mcp-server] [main] .a.m.o.OnedriveMcpServerApplicationTests : No active profile set, falling back to 1 default profile: "default"
2025-04-20T10:39:41.892+08:00  INFO 14251 --- [onedrive-mcp-server] [main] o.s.a.m.s.a.McpServerAutoConfiguration   : Registered tools: 1, notification: true
2025-04-20T10:39:41.962+08:00  INFO 14251 --- [onedrive-mcp-server] [main] .a.m.o.OnedriveMcpServerApplicationTests : Started OnedriveMcpServerApplicationTests in 1.201 seconds (process running for 1.807)
2025-04-20T12:17:56.740+08:00  INFO 31539 --- [onedrive-mcp-server] [main] c.k.a.m.o.OnedriveMcpServerApplication   : Starting OnedriveMcpServerApplication v0.0.1 using Java 21.0.6 with PID 31539 (/home/karthik/projects/github/onedrive-mcp-server/onedrive-mcp-server/target/onedrive-mcp-server-0.0.1.jar started by karthik in /home/karthik/projects/github/onedrive-mcp-server/onedrive-mcp-server)
2025-04-20T12:17:56.743+08:00  INFO 31539 --- [onedrive-mcp-server] [main] c.k.a.m.o.OnedriveMcpServerApplication   : No active profile set, falling back to 1 default profile: "default"
2025-04-20T12:17:57.632+08:00  INFO 31539 --- [onedrive-mcp-server] [main] o.s.b.w.embedded.tomcat.TomcatWebServer  : Tomcat initialized with port 8080 (http)
2025-04-20T12:17:57.654+08:00  INFO 31539 --- [onedrive-mcp-server] [main] o.apache.catalina.core.StandardService   : Starting service [Tomcat]
2025-04-20T12:17:57.655+08:00  INFO 31539 --- [onedrive-mcp-server] [main] o.apache.catalina.core.StandardEngine    : Starting Servlet engine: [Apache Tomcat/10.1.39]
2025-04-20T12:17:57.677+08:00  INFO 31539 --- [onedrive-mcp-server] [main] o.a.c.c.C.[Tomcat].[localhost].[/]       : Initializing Spring embedded WebApplicationContext
2025-04-20T12:17:57.677+08:00  INFO 31539 --- [onedrive-mcp-server] [main] w.s.c.ServletWebServerApplicationContext : Root WebApplicationContext: initialization completed in 860 ms
2025-04-20T12:17:57.829+08:00  WARN 31539 --- [onedrive-mcp-server] [main] ConfigServletWebServerApplicationContext : Exception encountered during context initialization - cancelling refresh attempt: org.springframework.beans.factory.BeanCreationException: Error creating bean with name 'onedriveService': Injection of autowired dependencies failed
2025-04-20T12:17:57.830+08:00  INFO 31539 --- [onedrive-mcp-server] [main] o.apache.catalina.core.StandardService   : Stopping service [Tomcat]
2025-04-20T12:17:57.841+08:00  INFO 31539 --- [onedrive-mcp-server] [main] .s.b.a.l.ConditionEvaluationReportLogger : 

Error starting ApplicationContext. To display the condition evaluation report re-run your application with 'debug' enabled.
2025-04-20T12:17:57.855+08:00 ERROR 31539 --- [onedrive-mcp-server] [main] o.s.boot.SpringApplication               : Application run failed

org.springframework.beans.factory.BeanCreationException: Error creating bean with name 'onedriveService': Injection of autowired dependencies failed
	at org.springframework.beans.factory.annotation.AutowiredAnnotationBeanPostProcessor.postProcessProperties(AutowiredAnnotationBeanPostProcessor.java:515) ~[spring-beans-6.2.5.jar!/:6.2.5]
	at org.springframework.beans.factory.support.AbstractAutowireCapableBeanFactory.populateBean(AbstractAutowireCapableBeanFactory.java:1445) ~[spring-beans-6.2.5.jar!/:6.2.5]
	at org.springframework.beans.factory.support.AbstractAutowireCapableBeanFactory.doCreateBean(AbstractAutowireCapableBeanFactory.java:600) ~[spring-beans-6.2.5.jar!/:6.2.5]
	at org.springframework.beans.factory.support.AbstractAutowireCapableBeanFactory.createBean(AbstractAutowireCapableBeanFactory.java:523) ~[spring-beans-6.2.5.jar!/:6.2.5]
	at org.springframework.beans.factory.support.AbstractBeanFactory.lambda$doGetBean$0(AbstractBeanFactory.java:339) ~[spring-beans-6.2.5.jar!/:6.2.5]
	at org.springframework.beans.factory.support.DefaultSingletonBeanRegistry.getSingleton(DefaultSingletonBeanRegistry.java:347) ~[spring-beans-6.2.5.jar!/:6.2.5]
	at org.springframework.beans.factory.support.AbstractBeanFactory.doGetBean(AbstractBeanFactory.java:337) ~[spring-beans-6.2.5.jar!/:6.2.5]
	at org.springframework.beans.factory.support.AbstractBeanFactory.getBean(AbstractBeanFactory.java:202) ~[spring-beans-6.2.5.jar!/:6.2.5]
	at org.springframework.beans.factory.support.DefaultListableBeanFactory.instantiateSingleton(DefaultListableBeanFactory.java:1155) ~[spring-beans-6.2.5.jar!/:6.2.5]
	at org.springframework.beans.factory.support.DefaultListableBeanFactory.preInstantiateSingleton(DefaultListableBeanFactory.java:1121) ~[spring-beans-6.2.5.jar!/:6.2.5]
	at org.springframework.beans.factory.support.DefaultListableBeanFactory.preInstantiateSingletons(DefaultListableBeanFactory.java:1056) ~[spring-beans-6.2.5.jar!/:6.2.5]
	at org.springframework.context.support.AbstractApplicationContext.finishBeanFactoryInitialization(AbstractApplicationContext.java:987) ~[spring-context-6.2.5.jar!/:6.2.5]
	at org.springframework.context.support.AbstractApplicationContext.refresh(AbstractApplicationContext.java:627) ~[spring-context-6.2.5.jar!/:6.2.5]
	at org.springframework.boot.web.servlet.context.ServletWebServerApplicationContext.refresh(ServletWebServerApplicationContext.java:146) ~[spring-boot-3.4.4.jar!/:3.4.4]
	at org.springframework.boot.SpringApplication.refresh(SpringApplication.java:752) ~[spring-boot-3.4.4.jar!/:3.4.4]
	at org.springframework.boot.SpringApplication.refreshContext(SpringApplication.java:439) ~[spring-boot-3.4.4.jar!/:3.4.4]
	at org.springframework.boot.SpringApplication.run(SpringApplication.java:318) ~[spring-boot-3.4.4.jar!/:3.4.4]
	at org.springframework.boot.SpringApplication.run(SpringApplication.java:1361) ~[spring-boot-3.4.4.jar!/:3.4.4]
	at org.springframework.boot.SpringApplication.run(SpringApplication.java:1350) ~[spring-boot-3.4.4.jar!/:3.4.4]
	at com.karthik.ai.mcpserver.onedrive.OnedriveMcpServerApplication.main(OnedriveMcpServerApplication.java:13) ~[!/:0.0.1]
	at java.base/jdk.internal.reflect.DirectMethodHandleAccessor.invoke(DirectMethodHandleAccessor.java:103) ~[na:na]
	at java.base/java.lang.reflect.Method.invoke(Method.java:580) ~[na:na]
	at org.springframework.boot.loader.launch.Launcher.launch(Launcher.java:102) ~[onedrive-mcp-server-0.0.1.jar:0.0.1]
	at org.springframework.boot.loader.launch.Launcher.launch(Launcher.java:64) ~[onedrive-mcp-server-0.0.1.jar:0.0.1]
	at org.springframework.boot.loader.launch.JarLauncher.main(JarLauncher.java:40) ~[onedrive-mcp-server-0.0.1.jar:0.0.1]
Caused by: org.springframework.util.PlaceholderResolutionException: Could not resolve placeholder 'MICROSOFT_ONEDRIVE_ACCESS_TOKEN' in value "${MICROSOFT_ONEDRIVE_ACCESS_TOKEN}" <-- "${onedrive.access-token}"
	at org.springframework.util.PlaceholderResolutionException.withValue(PlaceholderResolutionException.java:81) ~[spring-core-6.2.5.jar!/:6.2.5]
	at org.springframework.util.PlaceholderParser$ParsedValue.resolve(PlaceholderParser.java:423) ~[spring-core-6.2.5.jar!/:6.2.5]
	at org.springframework.util.PlaceholderParser.replacePlaceholders(PlaceholderParser.java:128) ~[spring-core-6.2.5.jar!/:6.2.5]
	at org.springframework.util.PropertyPlaceholderHelper.parseStringValue(PropertyPlaceholderHelper.java:118) ~[spring-core-6.2.5.jar!/:6.2.5]
	at org.springframework.util.PropertyPlaceholderHelper.replacePlaceholders(PropertyPlaceholderHelper.java:114) ~[spring-core-6.2.5.jar!/:6.2.5]
	at org.springframework.core.env.AbstractPropertyResolver.doResolvePlaceholders(AbstractPropertyResolver.java:255) ~[spring-core-6.2.5.jar!/:6.2.5]
	at org.springframework.core.env.AbstractPropertyResolver.resolveRequiredPlaceholders(AbstractPropertyResolver.java:226) ~[spring-core-6.2.5.jar!/:6.2.5]
	at org.springframework.context.support.PropertySourcesPlaceholderConfigurer.lambda$processProperties$0(PropertySourcesPlaceholderConfigurer.java:201) ~[spring-context-6.2.5.jar!/:6.2.5]
	at org.springframework.beans.factory.support.AbstractBeanFactory.resolveEmbeddedValue(AbstractBeanFactory.java:971) ~[spring-beans-6.2.5.jar!/:6.2.5]
	at org.springframework.beans.factory.support.DefaultListableBeanFactory.doResolveDependency(DefaultListableBeanFactory.java:1577) ~[spring-beans-6.2.5.jar!/:6.2.5]
	at org.springframework.beans.factory.support.DefaultListableBeanFactory.resolveDependency(DefaultListableBeanFactory.java:1555) ~[spring-beans-6.2.5.jar!/:6.2.5]
	at org.springframework.beans.factory.annotation.AutowiredAnnotationBeanPostProcessor$AutowiredFieldElement.resolveFieldValue(AutowiredAnnotationBeanPostProcessor.java:785) ~[spring-beans-6.2.5.jar!/:6.2.5]
	at org.springframework.beans.factory.annotation.AutowiredAnnotationBeanPostProcessor$AutowiredFieldElement.inject(AutowiredAnnotationBeanPostProcessor.java:768) ~[spring-beans-6.2.5.jar!/:6.2.5]
	at org.springframework.beans.factory.annotation.InjectionMetadata.inject(InjectionMetadata.java:146) ~[spring-beans-6.2.5.jar!/:6.2.5]
	at org.springframework.beans.factory.annotation.AutowiredAnnotationBeanPostProcessor.postProcessProperties(AutowiredAnnotationBeanPostProcessor.java:509) ~[spring-beans-6.2.5.jar!/:6.2.5]
	... 24 common frames omitted

2025-04-20T12:21:01.414+08:00  INFO 32323 --- [onedrive-mcp-server] [main] .a.m.o.OnedriveMcpServerApplicationTests : Starting OnedriveMcpServerApplicationTests using Java 21.0.6 with PID 32323 (started by karthik in /home/karthik/projects/github/onedrive-mcp-server/onedrive-mcp-server)
2025-04-20T12:21:01.415+08:00  INFO 32323 --- [onedrive-mcp-server] [main] .a.m.o.OnedriveMcpServerApplicationTests : No active profile set, falling back to 1 default profile: "default"
2025-04-20T12:21:02.554+08:00  INFO 32323 --- [onedrive-mcp-server] [main] o.s.a.m.s.a.McpServerAutoConfiguration   : Registered tools: 1, notification: true
2025-04-20T12:21:02.636+08:00  INFO 32323 --- [onedrive-mcp-server] [main] .a.m.o.OnedriveMcpServerApplicationTests : Started OnedriveMcpServerApplicationTests in 1.616 seconds (process running for 2.361)
2025-04-20T12:35:35.200+08:00  INFO 35272 --- [onedrive-mcp-server] [main] .a.m.o.OnedriveMcpServerApplicationTests : Starting OnedriveMcpServerApplicationTests using Java 21.0.6 with PID 35272 (started by karthik in /home/karthik/projects/github/onedrive-mcp-server/onedrive-mcp-server)
2025-04-20T12:35:35.201+08:00  INFO 35272 --- [onedrive-mcp-server] [main] .a.m.o.OnedriveMcpServerApplicationTests : No active profile set, falling back to 1 default profile: "default"
2025-04-20T12:35:36.028+08:00  INFO 35272 --- [onedrive-mcp-server] [main] o.s.a.m.s.a.McpServerAutoConfiguration   : Registered tools: 1, notification: true
2025-04-20T12:35:36.080+08:00  INFO 35272 --- [onedrive-mcp-server] [main] .a.m.o.OnedriveMcpServerApplicationTests : Started OnedriveMcpServerApplicationTests in 1.086 seconds (process running for 1.642)
2025-04-20T12:37:24.121+08:00  INFO 35952 --- [onedrive-mcp-server] [main] .a.m.o.OnedriveMcpServerApplicationTests : Starting OnedriveMcpServerApplicationTests using Java 21.0.6 with PID 35952 (started by karthik in /home/karthik/projects/github/onedrive-mcp-server/onedrive-mcp-server)
2025-04-20T12:37:24.123+08:00  INFO 35952 --- [onedrive-mcp-server] [main] .a.m.o.OnedriveMcpServerApplicationTests : No active profile set, falling back to 1 default profile: "default"
2025-04-20T12:37:25.429+08:00  INFO 35952 --- [onedrive-mcp-server] [main] o.s.a.m.s.a.McpServerAutoConfiguration   : Registered tools: 1, notification: true
2025-04-20T12:37:25.487+08:00  INFO 35952 --- [onedrive-mcp-server] [main] .a.m.o.OnedriveMcpServerApplicationTests : Started OnedriveMcpServerApplicationTests in 1.757 seconds (process running for 2.415)
2025-04-20T12:37:28.928+08:00  INFO 36115 --- [onedrive-mcp-server] [main] .a.m.o.OnedriveMcpServerApplicationTests : Starting OnedriveMcpServerApplicationTests using Java 21.0.6 with PID 36115 (started by karthik in /home/karthik/projects/github/onedrive-mcp-server/onedrive-mcp-server)
2025-04-20T12:37:28.935+08:00  INFO 36115 --- [onedrive-mcp-server] [main] .a.m.o.OnedriveMcpServerApplicationTests : No active profile set, falling back to 1 default profile: "default"
2025-04-20T12:37:29.904+08:00  INFO 36115 --- [onedrive-mcp-server] [main] o.s.a.m.s.a.McpServerAutoConfiguration   : Registered tools: 1, notification: true
2025-04-20T12:37:29.992+08:00  INFO 36115 --- [onedrive-mcp-server] [main] .a.m.o.OnedriveMcpServerApplicationTests : Started OnedriveMcpServerApplicationTests in 1.269 seconds (process running for 1.868)
2025-04-20T12:43:22.514+08:00  INFO 37353 --- [onedrive-mcp-server] [main] .a.m.o.OnedriveMcpServerApplicationTests : Starting OnedriveMcpServerApplicationTests using Java 21.0.6 with PID 37353 (started by karthik in /home/karthik/projects/github/onedrive-mcp-server/onedrive-mcp-server)
2025-04-20T12:43:22.515+08:00  INFO 37353 --- [onedrive-mcp-server] [main] .a.m.o.OnedriveMcpServerApplicationTests : No active profile set, falling back to 1 default profile: "default"
2025-04-20T12:43:23.368+08:00  INFO 37353 --- [onedrive-mcp-server] [main] o.s.a.m.s.a.McpServerAutoConfiguration   : Registered tools: 1, notification: true
2025-04-20T12:43:23.413+08:00  INFO 37353 --- [onedrive-mcp-server] [main] .a.m.o.OnedriveMcpServerApplicationTests : Started OnedriveMcpServerApplicationTests in 1.1 seconds (process running for 1.677)
2025-04-20T12:47:04.391+08:00  INFO 38360 --- [onedrive-mcp-server] [main] .a.m.o.OnedriveMcpServerApplicationTests : Starting OnedriveMcpServerApplicationTests using Java 21.0.6 with PID 38360 (started by karthik in /home/karthik/projects/github/onedrive-mcp-server/onedrive-mcp-server)
2025-04-20T12:47:04.393+08:00  INFO 38360 --- [onedrive-mcp-server] [main] .a.m.o.OnedriveMcpServerApplicationTests : No active profile set, falling back to 1 default profile: "default"
2025-04-20T12:47:05.411+08:00  INFO 38360 --- [onedrive-mcp-server] [main] o.s.a.m.s.a.McpServerAutoConfiguration   : Registered tools: 1, notification: true
2025-04-20T12:47:05.481+08:00  INFO 38360 --- [onedrive-mcp-server] [main] .a.m.o.OnedriveMcpServerApplicationTests : Started OnedriveMcpServerApplicationTests in 1.332 seconds (process running for 2.042)
2025-04-20T12:48:54.314+08:00  INFO 38954 --- [onedrive-mcp-server] [main] .a.m.o.OnedriveMcpServerApplicationTests : Starting OnedriveMcpServerApplicationTests using Java 21.0.6 with PID 38954 (started by karthik in /home/karthik/projects/github/onedrive-mcp-server/onedrive-mcp-server)
2025-04-20T12:48:54.315+08:00  INFO 38954 --- [onedrive-mcp-server] [main] .a.m.o.OnedriveMcpServerApplicationTests : No active profile set, falling back to 1 default profile: "default"
2025-04-20T12:48:55.214+08:00  INFO 38954 --- [onedrive-mcp-server] [main] o.s.a.m.s.a.McpServerAutoConfiguration   : Registered tools: 1, notification: true
2025-04-20T12:48:55.269+08:00  INFO 38954 --- [onedrive-mcp-server] [main] .a.m.o.OnedriveMcpServerApplicationTests : Started OnedriveMcpServerApplicationTests in 1.162 seconds (process running for 1.877)
2025-04-20T12:58:17.190+08:00  INFO 40823 --- [onedrive-mcp-server] [main] .a.m.o.OnedriveMcpServerApplicationTests : Starting OnedriveMcpServerApplicationTests using Java 21.0.6 with PID 40823 (started by karthik in /home/karthik/projects/github/onedrive-mcp-server/onedrive-mcp-server)
2025-04-20T12:58:17.191+08:00  INFO 40823 --- [onedrive-mcp-server] [main] .a.m.o.OnedriveMcpServerApplicationTests : No active profile set, falling back to 1 default profile: "default"
2025-04-20T12:58:18.064+08:00  INFO 40823 --- [onedrive-mcp-server] [main] o.s.a.m.s.a.McpServerAutoConfiguration   : Registered tools: 1, notification: true
2025-04-20T12:58:18.119+08:00  INFO 40823 --- [onedrive-mcp-server] [main] .a.m.o.OnedriveMcpServerApplicationTests : Started OnedriveMcpServerApplicationTests in 1.189 seconds (process running for 1.748)
2025-04-20T13:04:42.627+08:00  INFO 42513 --- [onedrive-mcp-server] [main] .a.m.o.OnedriveMcpServerApplicationTests : Starting OnedriveMcpServerApplicationTests using Java 21.0.6 with PID 42513 (started by karthik in /home/karthik/projects/github/onedrive-mcp-server/onedrive-mcp-server)
2025-04-20T13:04:42.628+08:00  INFO 42513 --- [onedrive-mcp-server] [main] .a.m.o.OnedriveMcpServerApplicationTests : No active profile set, falling back to 1 default profile: "default"
2025-04-20T13:04:43.655+08:00  INFO 42513 --- [onedrive-mcp-server] [main] o.s.a.m.s.a.McpServerAutoConfiguration   : Registered tools: 1, notification: true
2025-04-20T13:04:43.712+08:00  INFO 42513 --- [onedrive-mcp-server] [main] .a.m.o.OnedriveMcpServerApplicationTests : Started OnedriveMcpServerApplicationTests in 1.31 seconds (process running for 1.891)
2025-04-20T13:09:41.060+08:00  INFO 43866 --- [onedrive-mcp-server] [main] .a.m.o.OnedriveMcpServerApplicationTests : Starting OnedriveMcpServerApplicationTests using Java 21.0.6 with PID 43866 (started by karthik in /home/karthik/projects/github/onedrive-mcp-server/onedrive-mcp-server)
2025-04-20T13:09:41.061+08:00  INFO 43866 --- [onedrive-mcp-server] [main] .a.m.o.OnedriveMcpServerApplicationTests : No active profile set, falling back to 1 default profile: "default"
2025-04-20T13:09:42.002+08:00  INFO 43866 --- [onedrive-mcp-server] [main] o.s.a.m.s.a.McpServerAutoConfiguration   : Registered tools: 1, notification: true
2025-04-20T13:09:42.054+08:00  INFO 43866 --- [onedrive-mcp-server] [main] .a.m.o.OnedriveMcpServerApplicationTests : Started OnedriveMcpServerApplicationTests in 1.204 seconds (process running for 1.762)
2025-04-20T13:45:56.146+08:00  INFO 50090 --- [onedrive-mcp-server] [main] .a.m.o.OnedriveMcpServerApplicationTests : Starting OnedriveMcpServerApplicationTests using Java 21.0.6 with PID 50090 (started by karthik in /home/karthik/projects/github/onedrive-mcp-server/onedrive-mcp-server)
2025-04-20T13:45:56.147+08:00  INFO 50090 --- [onedrive-mcp-server] [main] .a.m.o.OnedriveMcpServerApplicationTests : No active profile set, falling back to 1 default profile: "default"
2025-04-20T13:45:57.279+08:00  INFO 50090 --- [onedrive-mcp-server] [main] o.s.a.m.s.a.McpServerAutoConfiguration   : Registered tools: 2, notification: true
2025-04-20T13:45:57.336+08:00  INFO 50090 --- [onedrive-mcp-server] [main] .a.m.o.OnedriveMcpServerApplicationTests : Started OnedriveMcpServerApplicationTests in 1.512 seconds (process running for 2.323)
2025-04-20T13:50:10.369+08:00  INFO 51164 --- [onedrive-mcp-server] [main] .a.m.o.OnedriveMcpServerApplicationTests : Starting OnedriveMcpServerApplicationTests using Java 21.0.6 with PID 51164 (started by karthik in /home/karthik/projects/github/onedrive-mcp-server/onedrive-mcp-server)
2025-04-20T13:50:10.370+08:00  INFO 51164 --- [onedrive-mcp-server] [main] .a.m.o.OnedriveMcpServerApplicationTests : No active profile set, falling back to 1 default profile: "default"
2025-04-20T13:50:11.455+08:00  INFO 51164 --- [onedrive-mcp-server] [main] o.s.a.m.s.a.McpServerAutoConfiguration   : Registered tools: 2, notification: true
2025-04-20T13:50:11.523+08:00  INFO 51164 --- [onedrive-mcp-server] [main] .a.m.o.OnedriveMcpServerApplicationTests : Started OnedriveMcpServerApplicationTests in 1.399 seconds (process running for 2.041)
2025-04-20T13:50:52.038+08:00  INFO 51549 --- [onedrive-mcp-server] [main] .a.m.o.OnedriveMcpServerApplicationTests : Starting OnedriveMcpServerApplicationTests using Java 21.0.6 with PID 51549 (started by karthik in /home/karthik/projects/github/onedrive-mcp-server/onedrive-mcp-server)
2025-04-20T13:50:52.039+08:00  INFO 51549 --- [onedrive-mcp-server] [main] .a.m.o.OnedriveMcpServerApplicationTests : No active profile set, falling back to 1 default profile: "default"
2025-04-20T13:50:52.892+08:00  INFO 51549 --- [onedrive-mcp-server] [main] o.s.a.m.s.a.McpServerAutoConfiguration   : Registered tools: 2, notification: true
2025-04-20T13:50:52.942+08:00  INFO 51549 --- [onedrive-mcp-server] [main] .a.m.o.OnedriveMcpServerApplicationTests : Started OnedriveMcpServerApplicationTests in 1.144 seconds (process running for 1.749)
2025-04-20T13:51:06.326+08:00  INFO 51911 --- [onedrive-mcp-server] [main] .a.m.o.OnedriveMcpServerApplicationTests : Starting OnedriveMcpServerApplicationTests using Java 21.0.6 with PID 51911 (started by karthik in /home/karthik/projects/github/onedrive-mcp-server/onedrive-mcp-server)
2025-04-20T13:51:06.328+08:00  INFO 51911 --- [onedrive-mcp-server] [main] .a.m.o.OnedriveMcpServerApplicationTests : No active profile set, falling back to 1 default profile: "default"
2025-04-20T13:51:07.226+08:00  INFO 51911 --- [onedrive-mcp-server] [main] o.s.a.m.s.a.McpServerAutoConfiguration   : Registered tools: 2, notification: true
2025-04-20T13:51:07.287+08:00  INFO 51911 --- [onedrive-mcp-server] [main] .a.m.o.OnedriveMcpServerApplicationTests : Started OnedriveMcpServerApplicationTests in 1.205 seconds (process running for 1.855)
2025-04-20T14:34:27.531+08:00  INFO 60489 --- [onedrive-mcp-server] [main] .a.m.o.OnedriveMcpServerApplicationTests : Starting OnedriveMcpServerApplicationTests using Java 21.0.6 with PID 60489 (started by karthik in /home/karthik/projects/github/onedrive-mcp-server/onedrive-mcp-server)
2025-04-20T14:34:27.532+08:00  INFO 60489 --- [onedrive-mcp-server] [main] .a.m.o.OnedriveMcpServerApplicationTests : No active profile set, falling back to 1 default profile: "default"
2025-04-20T14:34:28.487+08:00  INFO 60489 --- [onedrive-mcp-server] [main] o.s.a.m.s.a.McpServerAutoConfiguration   : Registered tools: 2, notification: true
2025-04-20T14:34:28.545+08:00  INFO 60489 --- [onedrive-mcp-server] [main] .a.m.o.OnedriveMcpServerApplicationTests : Started OnedriveMcpServerApplicationTests in 1.242 seconds (process running for 1.93)
2025-04-20T14:34:48.420+08:00  INFO 60761 --- [onedrive-mcp-server] [main] .a.m.o.OnedriveMcpServerApplicationTests : Starting OnedriveMcpServerApplicationTests using Java 21.0.6 with PID 60761 (started by karthik in /home/karthik/projects/github/onedrive-mcp-server/onedrive-mcp-server)
2025-04-20T14:34:48.422+08:00  INFO 60761 --- [onedrive-mcp-server] [main] .a.m.o.OnedriveMcpServerApplicationTests : No active profile set, falling back to 1 default profile: "default"
2025-04-20T14:34:49.473+08:00  INFO 60761 --- [onedrive-mcp-server] [main] o.s.a.m.s.a.McpServerAutoConfiguration   : Registered tools: 2, notification: true
2025-04-20T14:34:49.534+08:00  INFO 60761 --- [onedrive-mcp-server] [main] .a.m.o.OnedriveMcpServerApplicationTests : Started OnedriveMcpServerApplicationTests in 1.346 seconds (process running for 2.053)
2025-04-20T15:03:45.809+08:00  INFO 66849 --- [onedrive-mcp-server] [main] .a.m.o.OnedriveMcpServerApplicationTests : Starting OnedriveMcpServerApplicationTests using Java 21.0.6 with PID 66849 (started by karthik in /home/karthik/projects/github/onedrive-mcp-server/onedrive-mcp-server)
2025-04-20T15:03:45.810+08:00  INFO 66849 --- [onedrive-mcp-server] [main] .a.m.o.OnedriveMcpServerApplicationTests : No active profile set, falling back to 1 default profile: "default"
2025-04-20T15:03:46.709+08:00  INFO 66849 --- [onedrive-mcp-server] [main] o.s.a.m.s.a.McpServerAutoConfiguration   : Registered tools: 3, notification: true
2025-04-20T15:03:46.764+08:00  INFO 66849 --- [onedrive-mcp-server] [main] .a.m.o.OnedriveMcpServerApplicationTests : Started OnedriveMcpServerApplicationTests in 1.175 seconds (process running for 1.832)
2025-04-20T15:04:36.364+08:00  INFO 67257 --- [onedrive-mcp-server] [main] .a.m.o.OnedriveMcpServerApplicationTests : Starting OnedriveMcpServerApplicationTests using Java 21.0.6 with PID 67257 (started by karthik in /home/karthik/projects/github/onedrive-mcp-server/onedrive-mcp-server)
2025-04-20T15:04:36.367+08:00  INFO 67257 --- [onedrive-mcp-server] [main] .a.m.o.OnedriveMcpServerApplicationTests : No active profile set, falling back to 1 default profile: "default"
2025-04-20T15:04:37.270+08:00  INFO 67257 --- [onedrive-mcp-server] [main] o.s.a.m.s.a.McpServerAutoConfiguration   : Registered tools: 3, notification: true
2025-04-20T15:04:37.335+08:00  INFO 67257 --- [onedrive-mcp-server] [main] .a.m.o.OnedriveMcpServerApplicationTests : Started OnedriveMcpServerApplicationTests in 1.235 seconds (process running for 1.866)
2025-04-20T15:04:55.009+08:00  INFO 67647 --- [onedrive-mcp-server] [main] .a.m.o.OnedriveMcpServerApplicationTests : Starting OnedriveMcpServerApplicationTests using Java 21.0.6 with PID 67647 (started by karthik in /home/karthik/projects/github/onedrive-mcp-server/onedrive-mcp-server)
2025-04-20T15:04:55.009+08:00  INFO 67647 --- [onedrive-mcp-server] [main] .a.m.o.OnedriveMcpServerApplicationTests : No active profile set, falling back to 1 default profile: "default"
2025-04-20T15:04:56.094+08:00  INFO 67647 --- [onedrive-mcp-server] [main] o.s.a.m.s.a.McpServerAutoConfiguration   : Registered tools: 3, notification: true
2025-04-20T15:04:56.150+08:00  INFO 67647 --- [onedrive-mcp-server] [main] .a.m.o.OnedriveMcpServerApplicationTests : Started OnedriveMcpServerApplicationTests in 1.357 seconds (process running for 2.095)
2025-04-20T15:05:53.861+08:00  INFO 68232 --- [onedrive-mcp-server] [main] .a.m.o.OnedriveMcpServerApplicationTests : Starting OnedriveMcpServerApplicationTests using Java 21.0.6 with PID 68232 (started by karthik in /home/karthik/projects/github/onedrive-mcp-server/onedrive-mcp-server)
2025-04-20T15:05:53.862+08:00  INFO 68232 --- [onedrive-mcp-server] [main] .a.m.o.OnedriveMcpServerApplicationTests : No active profile set, falling back to 1 default profile: "default"
2025-04-20T15:05:54.881+08:00  INFO 68232 --- [onedrive-mcp-server] [main] o.s.a.m.s.a.McpServerAutoConfiguration   : Registered tools: 3, notification: true
2025-04-20T15:05:54.934+08:00  INFO 68232 --- [onedrive-mcp-server] [main] .a.m.o.OnedriveMcpServerApplicationTests : Started OnedriveMcpServerApplicationTests in 1.346 seconds (process running for 2.029)
2025-04-20T15:06:52.515+08:00  INFO 68703 --- [onedrive-mcp-server] [main] .a.m.o.OnedriveMcpServerApplicationTests : Starting OnedriveMcpServerApplicationTests using Java 21.0.6 with PID 68703 (started by karthik in /home/karthik/projects/github/onedrive-mcp-server/onedrive-mcp-server)
2025-04-20T15:06:52.517+08:00  INFO 68703 --- [onedrive-mcp-server] [main] .a.m.o.OnedriveMcpServerApplicationTests : No active profile set, falling back to 1 default profile: "default"
2025-04-20T15:06:53.645+08:00  INFO 68703 --- [onedrive-mcp-server] [main] o.s.a.m.s.a.McpServerAutoConfiguration   : Registered tools: 3, notification: true
2025-04-20T15:06:53.702+08:00  INFO 68703 --- [onedrive-mcp-server] [main] .a.m.o.OnedriveMcpServerApplicationTests : Started OnedriveMcpServerApplicationTests in 1.461 seconds (process running for 2.367)
